[debug] [2021-03-12T16:42:00.645Z] ----------------------------------------------------------------------
[debug] [2021-03-12T16:42:00.648Z] Command:       /Users/jakob/.nvm/versions/node/v14.8.0/bin/node /Users/jakob/.nvm/versions/node/v14.8.0/bin/firebase init database
[debug] [2021-03-12T16:42:00.649Z] CLI Version:   9.6.1
[debug] [2021-03-12T16:42:00.649Z] Platform:      darwin
[debug] [2021-03-12T16:42:00.649Z] Node Version:  v14.8.0
[debug] [2021-03-12T16:42:00.650Z] Time:          Fri Mar 12 2021 17:42:00 GMT+0100 (Central European Standard Time)
[debug] [2021-03-12T16:42:00.651Z] ----------------------------------------------------------------------
[debug] [2021-03-12T16:42:00.651Z] 
[debug] [2021-03-12T16:42:00.657Z] > command requires scopes: ["email","openid","https://www.googleapis.com/auth/cloudplatformprojects.readonly","https://www.googleapis.com/auth/firebase","https://www.googleapis.com/auth/cloud-platform"]
[debug] [2021-03-12T16:42:00.657Z] > authorizing via signed-in user
[info] 
     ######## #### ########  ######## ########     ###     ######  ########
     ##        ##  ##     ## ##       ##     ##  ##   ##  ##       ##
     ######    ##  ########  ######   ########  #########  ######  ######
     ##        ##  ##    ##  ##       ##     ## ##     ##       ## ##
     ##       #### ##     ## ######## ########  ##     ##  ######  ########

You're about to initialize a Firebase project in this directory:

  /Users/jakob/Desktop/WebDev/Projects/klein.Design/kleinDesignFrontend

Before we get started, keep in mind:

  * You are initializing in an existing Firebase project directory

[info] 
=== Project Setup
[info] 
[info] First, let's associate this project directory with a Firebase project.
[info] You can create multiple project aliases by running firebase use --add, 
[info] but for now we'll just set up a default project.
[info] 
[info] i  .firebaserc already has a default project, using klein-design. 
[debug] [2021-03-12T16:42:00.668Z] >>> [apiv2][query] GET https://firebase.googleapis.com/v1beta1/projects/klein-design [none]
[debug] [2021-03-12T16:42:00.940Z] <<< [apiv2][status] GET https://firebase.googleapis.com/v1beta1/projects/klein-design 200
[debug] [2021-03-12T16:42:00.940Z] <<< [apiv2][body] GET https://firebase.googleapis.com/v1beta1/projects/klein-design {"projectId":"klein-design","projectNumber":"1026053589988","displayName":"klein-design","name":"projects/klein-design","resources":{"hostingSite":"klein-design"},"state":"ACTIVE"}
[info] 
=== Database Setup
[info] i  database: ensuring required API firebasedatabase.googleapis.com is enabled... 
[debug] [2021-03-12T16:42:00.942Z] > refreshing access token with scopes: ["email","https://www.googleapis.com/auth/cloud-platform","https://www.googleapis.com/auth/cloudplatformprojects.readonly","https://www.googleapis.com/auth/firebase","openid"]
[debug] [2021-03-12T16:42:00.942Z] >>> HTTP REQUEST POST https://www.googleapis.com/oauth2/v3/token  
 <request body omitted>
[debug] [2021-03-12T16:42:01.075Z] <<< HTTP RESPONSE 200 {"expires":"Mon, 01 Jan 1990 00:00:00 GMT","cache-control":"no-cache, no-store, max-age=0, must-revalidate","date":"Fri, 12 Mar 2021 16:42:01 GMT","pragma":"no-cache","content-type":"application/json; charset=utf-8","vary":"X-Origin, Referer, Origin,Accept-Encoding","server":"scaffolding on HTTPServer2","x-xss-protection":"0","x-frame-options":"SAMEORIGIN","x-content-type-options":"nosniff","alt-svc":"h3-29=\":443\"; ma=2592000,h3-T051=\":443\"; ma=2592000,h3-Q050=\":443\"; ma=2592000,h3-Q046=\":443\"; ma=2592000,h3-Q043=\":443\"; ma=2592000,quic=\":443\"; ma=2592000; v=\"46,43\"","accept-ranges":"none","transfer-encoding":"chunked"}
[debug] [2021-03-12T16:42:01.102Z] >>> HTTP REQUEST GET https://serviceusage.googleapis.com/v1/projects/klein-design/services/firebasedatabase.googleapis.com  
 
[debug] [2021-03-12T16:42:02.125Z] <<< HTTP RESPONSE 200 {"content-type":"application/json; charset=UTF-8","vary":"X-Origin, Referer, Origin,Accept-Encoding","date":"Fri, 12 Mar 2021 16:42:02 GMT","server":"ESF","cache-control":"private","x-xss-protection":"0","x-frame-options":"SAMEORIGIN","x-content-type-options":"nosniff","alt-svc":"h3-29=\":443\"; ma=2592000,h3-T051=\":443\"; ma=2592000,h3-Q050=\":443\"; ma=2592000,h3-Q046=\":443\"; ma=2592000,h3-Q043=\":443\"; ma=2592000,quic=\":443\"; ma=2592000; v=\"46,43\"","accept-ranges":"none","transfer-encoding":"chunked"}
[warn] ⚠  database: missing required API firebasedatabase.googleapis.com. Enabling now... 
[debug] [2021-03-12T16:42:02.126Z] >>> HTTP REQUEST POST https://serviceusage.googleapis.com/v1/projects/klein-design/services/firebasedatabase.googleapis.com:enable  
 
[debug] [2021-03-12T16:42:03.740Z] <<< HTTP RESPONSE 200 {"content-type":"application/json; charset=UTF-8","vary":"X-Origin, Referer, Origin,Accept-Encoding","date":"Fri, 12 Mar 2021 16:42:04 GMT","server":"ESF","cache-control":"private","x-xss-protection":"0","x-frame-options":"SAMEORIGIN","x-content-type-options":"nosniff","alt-svc":"h3-29=\":443\"; ma=2592000,h3-T051=\":443\"; ma=2592000,h3-Q050=\":443\"; ma=2592000,h3-Q046=\":443\"; ma=2592000,h3-Q043=\":443\"; ma=2592000,quic=\":443\"; ma=2592000; v=\"46,43\"","accept-ranges":"none","transfer-encoding":"chunked"}
[debug] [2021-03-12T16:42:13.745Z] >>> HTTP REQUEST GET https://serviceusage.googleapis.com/v1/projects/klein-design/services/firebasedatabase.googleapis.com  
 
[debug] [2021-03-12T16:42:14.823Z] <<< HTTP RESPONSE 200 {"content-type":"application/json; charset=UTF-8","vary":"X-Origin, Referer, Origin,Accept-Encoding","date":"Fri, 12 Mar 2021 16:42:15 GMT","server":"ESF","cache-control":"private","x-xss-protection":"0","x-frame-options":"SAMEORIGIN","x-content-type-options":"nosniff","alt-svc":"h3-29=\":443\"; ma=2592000,h3-T051=\":443\"; ma=2592000,h3-Q050=\":443\"; ma=2592000,h3-Q046=\":443\"; ma=2592000,h3-Q043=\":443\"; ma=2592000,quic=\":443\"; ma=2592000; v=\"46,43\"","accept-ranges":"none","transfer-encoding":"chunked"}
[info] ✔  database: required API firebasedatabase.googleapis.com is enabled 
[info] 
[debug] [2021-03-12T16:42:14.825Z] > refreshing access token with scopes: []
[debug] [2021-03-12T16:42:14.825Z] >>> HTTP REQUEST POST https://www.googleapis.com/oauth2/v3/token  
 <request body omitted>
[debug] [2021-03-12T16:42:14.964Z] <<< HTTP RESPONSE 200 {"date":"Fri, 12 Mar 2021 16:42:15 GMT","cache-control":"no-cache, no-store, max-age=0, must-revalidate","expires":"Mon, 01 Jan 1990 00:00:00 GMT","pragma":"no-cache","content-type":"application/json; charset=utf-8","vary":"X-Origin, Referer, Origin,Accept-Encoding","server":"scaffolding on HTTPServer2","x-xss-protection":"0","x-frame-options":"SAMEORIGIN","x-content-type-options":"nosniff","alt-svc":"h3-29=\":443\"; ma=2592000,h3-T051=\":443\"; ma=2592000,h3-Q050=\":443\"; ma=2592000,h3-Q046=\":443\"; ma=2592000,h3-Q043=\":443\"; ma=2592000,quic=\":443\"; ma=2592000; v=\"46,43\"","accept-ranges":"none","transfer-encoding":"chunked"}
[debug] [2021-03-12T16:42:14.983Z] >>> [apiv2][query] GET https://firebase.googleapis.com/v1beta1/projects/klein-design [none]
[debug] [2021-03-12T16:42:15.186Z] <<< [apiv2][status] GET https://firebase.googleapis.com/v1beta1/projects/klein-design 200
[debug] [2021-03-12T16:42:15.186Z] <<< [apiv2][body] GET https://firebase.googleapis.com/v1beta1/projects/klein-design {"projectId":"klein-design","projectNumber":"1026053589988","displayName":"klein-design","name":"projects/klein-design","resources":{"hostingSite":"klein-design"},"state":"ACTIVE"}
